[0m08:44:14.419915 [debug] [MainThread]: Sending event: {'category': 'dbt', 'action': 'invocation', 'label': 'start', 'context': [<snowplow_tracker.self_describing_json.SelfDescribingJson object at 0x0000013422917110>, <snowplow_tracker.self_describing_json.SelfDescribingJson object at 0x0000013422164920>, <snowplow_tracker.self_describing_json.SelfDescribingJson object at 0x0000013422F54770>]}


============================== 08:44:14.426913 | 086a34f9-bef9-4530-a54a-cdae1c324066 ==============================
[0m08:44:14.426913 [info ] [MainThread]: Running with dbt=1.10.2
[0m08:44:14.427914 [debug] [MainThread]: running dbt with arguments {'printer_width': '80', 'indirect_selection': 'eager', 'log_cache_events': 'False', 'write_json': 'True', 'partial_parse': 'True', 'cache_selected_only': 'False', 'warn_error': 'None', 'debug': 'False', 'version_check': 'True', 'log_path': 'logs', 'fail_fast': 'False', 'profiles_dir': 'C:\\Users\\PC\\.dbt', 'use_colors': 'True', 'use_experimental_parser': 'False', 'empty': 'None', 'quiet': 'False', 'no_print': 'None', 'warn_error_options': 'WarnErrorOptionsV2(error=[], warn=[], silence=[])', 'invocation_command': 'dbt init dbt_homework', 'static_parser': 'True', 'introspect': 'True', 'target_path': 'None', 'log_format': 'default', 'send_anonymous_usage_stats': 'True'}
[0m08:44:15.098495 [info ] [MainThread]: Creating dbt configuration folder at C:\Users\PC\.dbt
[0m08:44:15.101494 [debug] [MainThread]: Starter project path: C:\Users\PC\AppData\Local\Programs\Python\Python312\Lib\site-packages\dbt\include\starter_project
[0m08:44:15.118487 [info ] [MainThread]: 
Your new dbt project "dbt_homework" was created!

For more information on how to configure the profiles.yml file,
please consult the dbt documentation here:

  https://docs.getdbt.com/docs/configure-your-profile

One more thing:

Need help? Don't hesitate to reach out to us via GitHub issues or on Slack:

  https://community.getdbt.com/

Happy modeling!

[0m08:44:15.119486 [info ] [MainThread]: Setting up your profile.
[0m08:48:00.427155 [info ] [MainThread]: Profile dbt_homework written to C:\Users\PC\.dbt\profiles.yml using target's profile_template.yml and your supplied values. Run 'dbt debug' to validate the connection.
[0m08:48:00.429153 [debug] [MainThread]: Command `dbt init` succeeded at 08:48:00.429153 after 226.27 seconds
[0m08:48:00.430193 [debug] [MainThread]: Sending event: {'category': 'dbt', 'action': 'invocation', 'label': 'end', 'context': [<snowplow_tracker.self_describing_json.SelfDescribingJson object at 0x000001342279EC90>, <snowplow_tracker.self_describing_json.SelfDescribingJson object at 0x00000134227E9BE0>, <snowplow_tracker.self_describing_json.SelfDescribingJson object at 0x00000134227EBFB0>]}
[0m08:48:00.430193 [debug] [MainThread]: Flushing usage events
[0m08:48:01.483010 [debug] [MainThread]: An error was encountered while trying to flush usage events
